\BOOKMARK [0][-]{chapter.1}{Introduction}{}% 1
\BOOKMARK [0][-]{chapter.2}{Analyse du projet}{}% 2
\BOOKMARK [1][-]{section.2.1}{Contexte}{chapter.2}% 3
\BOOKMARK [1][-]{section.2.2}{Analyse de l'existant}{chapter.2}% 4
\BOOKMARK [1][-]{section.2.3}{Analyse des besoins fonctionnels}{chapter.2}% 5
\BOOKMARK [1][-]{section.2.4}{Analyse des besoins non fonctionnels}{chapter.2}% 6
\BOOKMARK [2][-]{subsection.2.4.1}{Sp\351cifications techniques}{section.2.4}% 7
\BOOKMARK [2][-]{subsection.2.4.2}{Contraintes ergonomiques}{section.2.4}% 8
\BOOKMARK [0][-]{chapter.3}{Rapport d'activit\351}{}% 9
\BOOKMARK [1][-]{section.3.1}{Organisation du travail}{chapter.3}% 10
\BOOKMARK [2][-]{subsection.3.1.1}{Communication}{section.3.1}% 11
\BOOKMARK [2][-]{subsection.3.1.2}{R\351partition des t\342ches}{section.3.1}% 12
\BOOKMARK [2][-]{subsection.3.1.3}{Apprentissage d'une nouvelle API}{section.3.1}% 13
\BOOKMARK [1][-]{section.3.2}{Outils de d\351veloppement}{chapter.3}% 14
\BOOKMARK [2][-]{subsection.3.2.1}{Langage et biblioth\350ques}{section.3.2}% 15
\BOOKMARK [2][-]{subsection.3.2.2}{IDE}{section.3.2}% 16
\BOOKMARK [2][-]{subsection.3.2.3}{Gestionnaire de projet}{section.3.2}% 17
\BOOKMARK [0][-]{chapter.4}{Rapport technique}{}% 18
\BOOKMARK [1][-]{section.4.1}{Conception}{chapter.4}% 19
\BOOKMARK [2][-]{subsection.4.1.1}{L'architecture de Qt}{section.4.1}% 20
\BOOKMARK [2][-]{subsection.4.1.2}{Mod\350le de classe}{section.4.1}% 21
\BOOKMARK [1][-]{section.4.2}{Architecture de l'application}{chapter.4}% 22
\BOOKMARK [2][-]{subsection.4.2.1}{Le mod\350le}{section.4.2}% 23
\BOOKMARK [2][-]{subsection.4.2.2}{La vue arborescence}{section.4.2}% 24
\BOOKMARK [2][-]{subsection.4.2.3}{L'\351diteur de texte}{section.4.2}% 25
\BOOKMARK [2][-]{subsection.4.2.4}{Le logger}{section.4.2}% 26
\BOOKMARK [2][-]{subsection.4.2.5}{Le gestionnaire de fichiers}{section.4.2}% 27
\BOOKMARK [1][-]{section.4.3}{R\351sultat}{chapter.4}% 28
\BOOKMARK [2][-]{subsection.4.3.1}{Fonctionnalit\351s pr\351sentes}{section.4.3}% 29
\BOOKMARK [2][-]{subsection.4.3.2}{Captures}{section.4.3}% 30
\BOOKMARK [0][-]{chapter.5}{Manuel d'utilisation}{}% 31
\BOOKMARK [1][-]{section.5.1}{Interaction}{chapter.5}% 32
\BOOKMARK [2][-]{subsection.5.1.1}{Barre de menu}{section.5.1}% 33
\BOOKMARK [2][-]{subsection.5.1.2}{Raccourcis}{section.5.1}% 34
\BOOKMARK [1][-]{section.5.2}{Validation}{chapter.5}% 35
\BOOKMARK [1][-]{section.5.3}{Vue arborescente}{chapter.5}% 36
\BOOKMARK [1][-]{section.5.4}{A propos du sch\351ma}{chapter.5}% 37
\BOOKMARK [1][-]{section.5.5}{Fonctions du logiciel}{chapter.5}% 38
\BOOKMARK [0][-]{chapter.6}{Perspectives et conclusions}{}% 39
\BOOKMARK [1][-]{section.6.1}{Perspectives}{chapter.6}% 40
\BOOKMARK [1][-]{section.6.2}{Conclusions}{chapter.6}% 41
\BOOKMARK [2][-]{subsection.6.2.1}{Le projet}{section.6.2}% 42
\BOOKMARK [2][-]{subsection.6.2.2}{Les outils}{section.6.2}% 43
\BOOKMARK [2][-]{subsection.6.2.3}{Groupe de travail}{section.6.2}% 44
\BOOKMARK [0][-]{chapter.7}{Annexes}{}% 45
\BOOKMARK [1][-]{section.7.1}{Code annexe}{chapter.7}% 46
\BOOKMARK [1][-]{section.7.2}{Historique des commits}{chapter.7}% 47
